7/18/2013 1:37:43 PM	This log contains information about the import schema operation into project 'ETLFrameworkDB' on computer 'FL-WS-CON-CP01' by user 'cprice'.
7/18/2013 1:37:43 PM	Import of database schema has started.
7/18/2013 1:37:49 PM	Gathering database options
7/18/2013 1:37:49 PM	Gathering users
7/18/2013 1:37:49 PM	Gathering roles
7/18/2013 1:37:49 PM	Gathering application roles
7/18/2013 1:37:49 PM	Gathering role memberships
7/18/2013 1:37:49 PM	Gathering filegroups
7/18/2013 1:37:49 PM	Gathering full-text catalogs
7/18/2013 1:37:49 PM	Gathering assemblies
7/18/2013 1:37:49 PM	Gathering certificates
7/18/2013 1:37:49 PM	Gathering asymmetric keys
7/18/2013 1:37:49 PM	Gathering symmetric keys
7/18/2013 1:37:49 PM	Gathering encrypted symmetric keys
7/18/2013 1:37:49 PM	Gathering schemas
7/18/2013 1:37:49 PM	Gathering XML schema collections
7/18/2013 1:37:49 PM	Gathering user-defined data types
7/18/2013 1:37:49 PM	Gathering user-defined types
7/18/2013 1:37:49 PM	Gathering table types
7/18/2013 1:37:49 PM	Gathering unique keys for table types
7/18/2013 1:37:49 PM	Gathering primary keys for table types
7/18/2013 1:37:49 PM	Gathering check constraints for table types
7/18/2013 1:37:49 PM	Gathering default constraints for table types
7/18/2013 1:37:49 PM	Gathering partition functions
7/18/2013 1:37:49 PM	Gathering partition schemes
7/18/2013 1:37:49 PM	Gathering functions
7/18/2013 1:37:49 PM	Gathering encrypted functions
7/18/2013 1:37:49 PM	Gathering aggregates
7/18/2013 1:37:49 PM	Gathering procedures
7/18/2013 1:37:49 PM	Gathering encrypted procedures
7/18/2013 1:37:49 PM	Gathering tables
7/18/2013 1:37:50 PM	Gathering primary keys
7/18/2013 1:37:50 PM	Gathering unique constraints
7/18/2013 1:37:50 PM	Gathering foreign keys
7/18/2013 1:37:50 PM	Gathering default constraints
7/18/2013 1:37:50 PM	Gathering check constraints
7/18/2013 1:37:50 PM	Gathering views
7/18/2013 1:37:50 PM	Gathering encrypted views
7/18/2013 1:37:51 PM	Gathering indexes
7/18/2013 1:37:51 PM	Gathering statistics
7/18/2013 1:37:51 PM	Gathering full-text index stoplists
7/18/2013 1:37:51 PM	Gathering search property lists
7/18/2013 1:37:51 PM	Gathering search properties
7/18/2013 1:37:51 PM	Gathering full-text indexes
7/18/2013 1:37:51 PM	Gathering column store indexes
7/18/2013 1:37:51 PM	Gathering spatial indexes
7/18/2013 1:37:51 PM	Gathering XML indexes
7/18/2013 1:37:51 PM	Gathering Selective XML indexes
7/18/2013 1:37:51 PM	Gathering encrypted triggers
7/18/2013 1:37:51 PM	Gathering triggers
7/18/2013 1:37:51 PM	Gathering encrypted and clr ddl triggers
7/18/2013 1:37:51 PM	Gathering ddl triggers
7/18/2013 1:37:51 PM	Gathering synonyms
7/18/2013 1:37:51 PM	Gathering defaults
7/18/2013 1:37:51 PM	Gathering data constraint uddt bindings
7/18/2013 1:37:51 PM	Gathering rules
7/18/2013 1:37:51 PM	Gathering data constraint uddt bindings
7/18/2013 1:37:51 PM	Gathering message types
7/18/2013 1:37:51 PM	Gathering queues
7/18/2013 1:37:51 PM	Gathering contracts
7/18/2013 1:37:51 PM	Gathering services
7/18/2013 1:37:51 PM	Gathering event notifications
7/18/2013 1:37:51 PM	Gathering remote service bindings
7/18/2013 1:37:51 PM	Gathering broker priorities
7/18/2013 1:37:51 PM	Gathering signatures
7/18/2013 1:37:51 PM	Gathering data compression options
7/18/2013 1:37:51 PM	Gathering sequence types
7/18/2013 1:37:51 PM	Gathering extended properties
7/18/2013 1:37:51 PM	Scanning project for duplicate elements
7/18/2013 1:37:51 PM	Finished duplicate element processing
7/18/2013 1:37:51 PM	Finished importing database.
7/18/2013 1:37:51 PM	A summary of the import was saved to the following location: c:\projects\ETLFrameworkDB\ETLFrameworkDB\Import Schema Logs\ETLFrameworkDB_20130718053743.log
7/18/2013 1:37:51 PM	Click Finish to continue...
