
====================================================================================
[19 FEB 2019 10:47:37 GMT+1] Pre-Sync - Preparing for Chilkat HTTP

[19 FEB 2019 10:47:37 GMT+1] Pre-Sync - Request parameters:
[19 FEB 2019 10:47:37 GMT+1] Pre-Sync - URL: https://www.myheritage.com/FP/API/FTB/ftb-api.php

[19 FEB 2019 10:47:37 GMT+1] Pre-Sync - Request data (appended to URL):
[Pre-Sync] - action=api-sync-pre-sync
[Pre-Sync] - site_admin=elzein@outlook.com
[Pre-Sync] - site_pwd=4.373f21efaeb14380a3cb574ed6e254dd.888173371.1550569651.43200.33..3lv9gvr6.9d5a15f7300f2600cafc077db4d99d28
[Pre-Sync] - project_guid=5C328E34693153F003CA9F4723168584
[Pre-Sync] - publishing_guid=
[Pre-Sync] - revision=0
[Pre-Sync] - client_program_version=8.0.0.8506
[Pre-Sync] - site_id=596898721
[Pre-Sync] - computer_name=CHAPLIN
[Pre-Sync] - bin_log_transaction_offset=0

-----------------------------------------------------------------------------------
[19 FEB 2019 10:47:37 GMT+1] Pre-Sync - Sending Chilkat POST request

-----------------------------------------------------------------------------------
[19 FEB 2019 10:47:38 GMT+1] Pre-Sync - Chilkat HTTP response code: 200

[19 FEB 2019 10:47:38 GMT+1] Pre-Sync - Chilkat response body:
<?xml version="1.0"?>
<Pre-sync site_id="596898721" project_guid="5C328E34693153F003CA9F4723168584" client_revision="0" is_synced_with_ftb="0"/>

====================================================================================
[19 FEB 2019 10:47:38 GMT+1] Downloading Binlog Commands - Preparing for Chilkat HTTP

[19 FEB 2019 10:47:38 GMT+1] Downloading Binlog Commands - Request parameters:
[19 FEB 2019 10:47:38 GMT+1] Downloading Binlog Commands - URL: https://www.myheritage.com/FP/API/FTB/ftb-api.php

[19 FEB 2019 10:47:38 GMT+1] Downloading Binlog Commands - Request data (appended to URL):
[Downloading Binlog Commands] - action=api-sync-get-bin-log-transactions
[Downloading Binlog Commands] - site_admin=elzein@outlook.com
[Downloading Binlog Commands] - site_pwd=4.373f21efaeb14380a3cb574ed6e254dd.888173371.1550569651.43200.33..3lv9gvr6.9d5a15f7300f2600cafc077db4d99d28
[Downloading Binlog Commands] - site_id=596898721
[Downloading Binlog Commands] - client_program_version=8.0.0.8506
[Downloading Binlog Commands] - project_guid=5C328E34693153F003CA9F4723168584
[Downloading Binlog Commands] - revision=0
[Downloading Binlog Commands] - offset=0
[Downloading Binlog Commands] - limit=1

-----------------------------------------------------------------------------------
[19 FEB 2019 10:47:38 GMT+1] Downloading Binlog Commands - Sending Chilkat POST request

-----------------------------------------------------------------------------------
[19 FEB 2019 10:47:39 GMT+1] Downloading Binlog Commands - Chilkat HTTP response code: 200

[19 FEB 2019 10:47:39 GMT+1] Downloading Binlog Commands - Chilkat response body:
<?xml version="1.0"?>
<Get-bin-log-transactions site_id="596898721" project_guid="5C328E34693153F003CA9F4723168584" client_revision="0" is_synced_with_ftb="0" total="0">
  <transactions/>
</Get-bin-log-transactions>
